20:05:57 INFO  : Registering command handlers for SDK TCF services
20:06:00 INFO  : Launching XSCT server: xsct.bat -interactive D:\MAS\ProjektMAS\ProjektMAS.sdk\temp_xsdb_launch_script.tcl
20:06:10 INFO  : XSCT server has started successfully.
20:06:20 INFO  : Successfully done setting XSCT server connection channel  
20:06:20 INFO  : Successfully done setting SDK workspace  
20:06:20 INFO  : Processing command line option -hwspec D:/MAS/ProjektMAS/ProjektMAS.sdk/design_1_wrapper.hdf.
20:09:00 INFO  : Example project mas_camera_bsp_xiicps_polled_slave_example_1 has been created successfully.
20:36:56 INFO  : Example project mas_camera_bsp_xiicps_selftest_example_1 has been created successfully.
17:10:16 INFO  : Registering command handlers for SDK TCF services
17:10:20 INFO  : Launching XSCT server: xsct.bat -interactive D:\MAS\ProjektMAS\ProjektMAS.sdk\temp_xsdb_launch_script.tcl
17:10:26 INFO  : XSCT server has started successfully.
17:10:26 INFO  : Successfully done setting XSCT server connection channel  
17:10:35 INFO  : Successfully done setting SDK workspace  
17:10:35 INFO  : Processing command line option -hwspec D:/MAS/ProjektMAS/ProjektMAS.sdk/design_1_wrapper.hdf.
17:10:35 INFO  : Checking for hwspec changes in the project design_1_wrapper_hw_platform_0.
17:30:18 INFO  : Example project mas_camera_bsp_xgpio_example_1 has been created successfully.
17:36:40 INFO  : Connected to target on host '127.0.0.1' and port '3121'.
17:36:40 INFO  : 'targets -set -filter {jtag_cable_name =~ "Xilinx PYNQ-Z1 003017A4CFC3A" && level==0} -index 1' command is executed.
17:36:43 INFO  : FPGA configured successfully with bitstream "D:/MAS/ProjektMAS/ProjektMAS.sdk/design_1_wrapper_hw_platform_0/design_1_wrapper.bit"
17:36:59 WARN  : Given IPC port value is invalid. Using default port 2350
17:36:59 WARN  : Given XMD timeout value is invalid. Using default value of 50000
17:37:02 WARN  : Given XMD transaction timeout value is invalid. Using default value of 60000 milli seconds
17:37:02 WARN  : Given XMD transaction timeout value is invalid. Using default value of 60000 milli seconds
17:37:06 WARN  : Given XMD transaction timeout value is invalid. Using default value of 60000 milli seconds
17:37:06 WARN  : Given XMD transaction timeout value is invalid. Using default value of 60000 milli seconds
17:37:06 WARN  : Given XMD transaction timeout value is invalid. Using default value of 60000 milli seconds
17:37:06 WARN  : Given XMD transaction timeout value is invalid. Using default value of 60000 milli seconds
17:37:06 WARN  : Given XMD transaction timeout value is invalid. Using default value of 60000 milli seconds
17:37:06 WARN  : Given XMD transaction timeout value is invalid. Using default value of 60000 milli seconds
17:37:06 WARN  : Given XMD transaction timeout value is invalid. Using default value of 60000 milli seconds
17:37:07 INFO  : ps7_init is completed.
17:37:07 WARN  : Given XMD transaction timeout value is invalid. Using default value of 60000 milli seconds
17:37:07 INFO  : ps7_post_config is completed.
17:37:07 WARN  : Given XMD transaction timeout value is invalid. Using default value of 60000 milli seconds
17:37:07 WARN  : Given XMD transaction timeout value is invalid. Using default value of 60000 milli seconds
17:37:07 INFO  : Processor reset is completed for ps7_cortexa9_0
17:37:07 WARN  : Given XMD transaction timeout value is invalid. Using default value of 60000 milli seconds
17:37:07 WARN  : Given XMD transaction timeout value is invalid. Using default value of 60000 milli seconds
17:37:07 WARN  : Given XMD transaction timeout value is invalid. Using default value of 60000 milli seconds
17:37:07 WARN  : Given XMD transaction timeout value is invalid. Using default value of 60000 milli seconds
17:37:08 WARN  : Given XMD transaction timeout value is invalid. Using default value of 60000 milli seconds
17:37:08 WARN  : Given XMD transaction timeout value is invalid. Using default value of 60000 milli seconds
17:37:29 WARN  : Given XMD transaction timeout value is invalid. Using default value of 60000 milli seconds
17:37:29 WARN  : Given XMD transaction timeout value is invalid. Using default value of 60000 milli seconds
17:37:29 WARN  : Given XMD transaction timeout value is invalid. Using default value of 60000 milli seconds
17:37:29 WARN  : Given XMD transaction timeout value is invalid. Using default value of 60000 milli seconds
17:37:29 WARN  : Given XMD transaction timeout value is invalid. Using default value of 60000 milli seconds
17:37:51 WARN  : Given XMD transaction timeout value is invalid. Using default value of 60000 milli seconds
17:37:51 WARN  : Given XMD transaction timeout value is invalid. Using default value of 60000 milli seconds
17:37:51 WARN  : Given XMD transaction timeout value is invalid. Using default value of 60000 milli seconds
17:37:52 WARN  : Given XMD transaction timeout value is invalid. Using default value of 60000 milli seconds
17:37:52 WARN  : Given XMD transaction timeout value is invalid. Using default value of 60000 milli seconds
17:37:52 WARN  : Given XMD transaction timeout value is invalid. Using default value of 60000 milli seconds
17:37:52 WARN  : Given XMD transaction timeout value is invalid. Using default value of 60000 milli seconds
17:37:52 INFO  : Processor reset is completed for ps7_cortexa9_0
17:37:52 WARN  : Given XMD transaction timeout value is invalid. Using default value of 60000 milli seconds
17:37:52 WARN  : Given XMD transaction timeout value is invalid. Using default value of 60000 milli seconds
17:37:53 WARN  : Given XMD transaction timeout value is invalid. Using default value of 60000 milli seconds
17:37:53 WARN  : Given XMD transaction timeout value is invalid. Using default value of 60000 milli seconds
17:37:53 WARN  : Given XMD transaction timeout value is invalid. Using default value of 60000 milli seconds
17:37:53 WARN  : Given XMD transaction timeout value is invalid. Using default value of 60000 milli seconds
17:38:24 WARN  : Given XMD transaction timeout value is invalid. Using default value of 60000 milli seconds
17:38:24 INFO  : ps7_cortexa9_0 Processor is in use. Please stop existing Run or Debug sessions before launching.
17:38:28 WARN  : Given XMD transaction timeout value is invalid. Using default value of 60000 milli seconds
17:38:28 WARN  : Given XMD transaction timeout value is invalid. Using default value of 60000 milli seconds
17:38:28 WARN  : Given XMD transaction timeout value is invalid. Using default value of 60000 milli seconds
17:38:28 WARN  : Given XMD transaction timeout value is invalid. Using default value of 60000 milli seconds
17:38:28 WARN  : Given XMD transaction timeout value is invalid. Using default value of 60000 milli seconds
17:38:28 INFO  : Processor reset is completed for ps7_cortexa9_0
17:38:28 ERROR : Port COM4 is already in use.
17:38:29 WARN  : Given XMD transaction timeout value is invalid. Using default value of 60000 milli seconds
17:38:29 WARN  : Given XMD transaction timeout value is invalid. Using default value of 60000 milli seconds
17:38:29 WARN  : Given XMD transaction timeout value is invalid. Using default value of 60000 milli seconds
17:38:29 WARN  : Given XMD transaction timeout value is invalid. Using default value of 60000 milli seconds
17:38:29 WARN  : Given XMD transaction timeout value is invalid. Using default value of 60000 milli seconds
17:38:29 WARN  : Given XMD transaction timeout value is invalid. Using default value of 60000 milli seconds
17:38:55 WARN  : Given XMD transaction timeout value is invalid. Using default value of 60000 milli seconds
17:38:55 INFO  : ps7_cortexa9_0 Processor is in use. Please stop existing Run or Debug sessions before launching.
17:38:57 WARN  : Given XMD transaction timeout value is invalid. Using default value of 60000 milli seconds
17:38:57 WARN  : Given XMD transaction timeout value is invalid. Using default value of 60000 milli seconds
17:38:57 WARN  : Given XMD transaction timeout value is invalid. Using default value of 60000 milli seconds
17:38:58 WARN  : Given XMD transaction timeout value is invalid. Using default value of 60000 milli seconds
17:38:58 WARN  : Given XMD transaction timeout value is invalid. Using default value of 60000 milli seconds
17:38:58 INFO  : Processor reset is completed for ps7_cortexa9_0
17:38:58 WARN  : Given XMD transaction timeout value is invalid. Using default value of 60000 milli seconds
17:38:58 ERROR : Unexpected error while opening JTAG UART: 
java.lang.RuntimeException: Error while opening JTAG UART server: MDM Uart NOT Present in the System
Could not detect MDM peripheral on hardware. Please check:
    1. If FPGA is configured correctly
    2. MDM Core is instantiated in the design
    3. If the correct FPGA is referred, in case of multiple FPGAs
    4. If the correct MDM is referred, in case of a multiple MDM system
    

	at com.xilinx.sdk.targetmanager.internal.TM.startJTAGUARTServer(TM.java:945)
	at com.xilinx.sdk.debug.core.internal.comm.JTAGUARTStreamsProxy.<init>(JTAGUARTStreamsProxy.java:32)
	at com.xilinx.sdk.debug.core.internal.RemoteProcess.createStreamsProxy(RemoteProcess.java:164)
	at com.xilinx.sdk.debug.core.internal.RemoteProcess.<init>(RemoteProcess.java:65)
	at com.xilinx.sdk.debug.core.internal.AppRunner.run(AppRunner.java:91)
	at com.xilinx.sdk.debug.core.XilinxAppLaunchConfigurationDelegate.runApplication(XilinxAppLaunchConfigurationDelegate.java:637)
	at com.xilinx.sdk.debug.core.XilinxAppLaunchConfigurationDelegate.launch(XilinxAppLaunchConfigurationDelegate.java:309)
	at com.xilinx.sdk.debug.ui.XilinxAppLaunchDelegateWrapper.launch(XilinxAppLaunchDelegateWrapper.java:31)
	at org.eclipse.debug.internal.core.LaunchConfiguration.launch(LaunchConfiguration.java:885)
	at org.eclipse.debug.internal.core.LaunchConfiguration.launch(LaunchConfiguration.java:739)
	at org.eclipse.debug.internal.ui.DebugUIPlugin.buildAndLaunch(DebugUIPlugin.java:1039)
	at org.eclipse.debug.internal.ui.DebugUIPlugin$8.run(DebugUIPlugin.java:1256)
	at org.eclipse.core.internal.jobs.Worker.run(Worker.java:55)
17:38:58 WARN  : Given XMD transaction timeout value is invalid. Using default value of 60000 milli seconds
17:38:58 WARN  : Given XMD transaction timeout value is invalid. Using default value of 60000 milli seconds
17:38:58 WARN  : Given XMD transaction timeout value is invalid. Using default value of 60000 milli seconds
17:38:58 WARN  : Given XMD transaction timeout value is invalid. Using default value of 60000 milli seconds
17:38:59 WARN  : Given XMD transaction timeout value is invalid. Using default value of 60000 milli seconds
17:38:59 WARN  : Given XMD transaction timeout value is invalid. Using default value of 60000 milli seconds
17:39:09 INFO  : Connected to target on host '127.0.0.1' and port '3121'.
17:39:09 INFO  : 'targets -set -filter {jtag_cable_name =~ "Xilinx PYNQ-Z1 003017A4CFC3A" && level==0} -index 1' command is executed.
17:39:11 INFO  : FPGA configured successfully with bitstream "D:/MAS/ProjektMAS/ProjektMAS.sdk/design_1_wrapper_hw_platform_0/design_1_wrapper.bit"
17:39:25 INFO  : 'targets -set -filter {jtag_cable_name =~ "Xilinx PYNQ-Z1 003017A4CFC3A" && level==0} -index 1' command is executed.
17:39:25 INFO  : 'fpga -state' command is executed.
17:39:25 INFO  : Connected to target on host '127.0.0.1' and port '3121'.
17:39:26 INFO  : Jtag cable 'Xilinx PYNQ-Z1 003017A4CFC3A' is selected.
17:39:26 INFO  : 'jtag frequency' command is executed.
17:39:26 INFO  : Sourcing of 'D:/MAS/ProjektMAS/ProjektMAS.sdk/design_1_wrapper_hw_platform_0/ps7_init.tcl' is done.
17:39:26 INFO  : Context for 'APU' is selected.
17:39:26 INFO  : Hardware design information is loaded from 'D:/MAS/ProjektMAS/ProjektMAS.sdk/design_1_wrapper_hw_platform_0/system.hdf'.
17:39:26 INFO  : 'configparams force-mem-access 1' command is executed.
17:39:26 INFO  : Context for 'APU' is selected.
17:39:26 INFO  : 'stop' command is executed.
17:39:26 ERROR : Debug context is claimed by another client
17:39:26 INFO  : ----------------XSDB Script----------------
connect -url tcp:127.0.0.1:3121
source D:/MAS/ProjektMAS/ProjektMAS.sdk/design_1_wrapper_hw_platform_0/ps7_init.tcl
targets -set -nocase -filter {name =~"APU*" && jtag_cable_name =~ "Xilinx PYNQ-Z1 003017A4CFC3A"} -index 0
loadhw -hw D:/MAS/ProjektMAS/ProjektMAS.sdk/design_1_wrapper_hw_platform_0/system.hdf -mem-ranges [list {0x40000000 0xbfffffff}]
configparams force-mem-access 1
targets -set -nocase -filter {name =~"APU*" && jtag_cable_name =~ "Xilinx PYNQ-Z1 003017A4CFC3A"} -index 0
stop
ps7_init
----------------End of Script----------------

17:39:44 WARN  : Given XMD transaction timeout value is invalid. Using default value of 60000 milli seconds
17:39:44 WARN  : Given XMD transaction timeout value is invalid. Using default value of 60000 milli seconds
17:39:44 WARN  : Given XMD transaction timeout value is invalid. Using default value of 60000 milli seconds
17:39:57 INFO  : Connected to target on host '127.0.0.1' and port '3121'.
17:40:04 INFO  : 'targets -set -filter {jtag_cable_name =~ "Xilinx PYNQ-Z1 003017A4CFC3A" && level==0} -index 1' command is executed.
17:40:07 INFO  : FPGA configured successfully with bitstream "D:/MAS/ProjektMAS/ProjektMAS.sdk/design_1_wrapper_hw_platform_0/design_1_wrapper.bit"
17:40:32 INFO  : 'targets -set -filter {jtag_cable_name =~ "Xilinx PYNQ-Z1 003017A4CFC3A" && level==0} -index 1' command is executed.
17:40:32 INFO  : 'fpga -state' command is executed.
17:40:32 INFO  : Connected to target on host '127.0.0.1' and port '3121'.
17:40:33 INFO  : Jtag cable 'Xilinx PYNQ-Z1 003017A4CFC3A' is selected.
17:40:33 INFO  : 'jtag frequency' command is executed.
17:40:33 INFO  : Sourcing of 'D:/MAS/ProjektMAS/ProjektMAS.sdk/design_1_wrapper_hw_platform_0/ps7_init.tcl' is done.
17:40:33 INFO  : Context for 'APU' is selected.
17:40:33 INFO  : Hardware design information is loaded from 'D:/MAS/ProjektMAS/ProjektMAS.sdk/design_1_wrapper_hw_platform_0/system.hdf'.
17:40:33 INFO  : 'configparams force-mem-access 1' command is executed.
17:40:33 INFO  : Context for 'APU' is selected.
17:40:33 INFO  : 'stop' command is executed.
17:40:34 INFO  : 'ps7_init' command is executed.
17:40:34 INFO  : 'ps7_post_config' command is executed.
17:40:34 INFO  : Context for processor 'ps7_cortexa9_0' is selected.
17:40:34 INFO  : Processor reset is completed for 'ps7_cortexa9_0'.
17:40:34 INFO  : Context for processor 'ps7_cortexa9_0' is selected.
17:40:34 INFO  : The application 'D:/MAS/ProjektMAS/ProjektMAS.sdk/mas_camera/Debug/mas_camera.elf' is downloaded to processor 'ps7_cortexa9_0'.
17:40:34 INFO  : 'configparams force-mem-access 0' command is executed.
17:40:34 INFO  : ----------------XSDB Script----------------
connect -url tcp:127.0.0.1:3121
source D:/MAS/ProjektMAS/ProjektMAS.sdk/design_1_wrapper_hw_platform_0/ps7_init.tcl
targets -set -nocase -filter {name =~"APU*" && jtag_cable_name =~ "Xilinx PYNQ-Z1 003017A4CFC3A"} -index 0
loadhw -hw D:/MAS/ProjektMAS/ProjektMAS.sdk/design_1_wrapper_hw_platform_0/system.hdf -mem-ranges [list {0x40000000 0xbfffffff}]
configparams force-mem-access 1
targets -set -nocase -filter {name =~"APU*" && jtag_cable_name =~ "Xilinx PYNQ-Z1 003017A4CFC3A"} -index 0
stop
ps7_init
ps7_post_config
targets -set -nocase -filter {name =~ "ARM*#0" && jtag_cable_name =~ "Xilinx PYNQ-Z1 003017A4CFC3A"} -index 0
rst -processor
targets -set -nocase -filter {name =~ "ARM*#0" && jtag_cable_name =~ "Xilinx PYNQ-Z1 003017A4CFC3A"} -index 0
dow D:/MAS/ProjektMAS/ProjektMAS.sdk/mas_camera/Debug/mas_camera.elf
configparams force-mem-access 0
----------------End of Script----------------

17:40:34 INFO  : Memory regions updated for context APU
17:40:34 INFO  : Context for processor 'ps7_cortexa9_0' is selected.
17:40:34 INFO  : 'con' command is executed.
17:40:34 INFO  : ----------------XSDB Script (After Launch)----------------
targets -set -nocase -filter {name =~ "ARM*#0" && jtag_cable_name =~ "Xilinx PYNQ-Z1 003017A4CFC3A"} -index 0
con
----------------End of Script----------------

17:40:34 INFO  : Launch script is exported to file 'D:\MAS\ProjektMAS\ProjektMAS.sdk\.sdk\launch_scripts\xilinx_c-c++_application_(system_debugger)\system_debugger_using_debug_mas_camera.elf_on_local.tcl'
17:41:37 INFO  : Disconnected from the channel tcfchan#1.
17:41:56 INFO  : 'targets -set -filter {jtag_cable_name =~ "Xilinx PYNQ-Z1 003017A4CFC3A" && level==0} -index 1' command is executed.
17:41:56 INFO  : 'fpga -state' command is executed.
17:41:56 INFO  : Connected to target on host '127.0.0.1' and port '3121'.
17:41:57 INFO  : Jtag cable 'Xilinx PYNQ-Z1 003017A4CFC3A' is selected.
17:41:57 INFO  : 'jtag frequency' command is executed.
17:41:57 INFO  : Sourcing of 'D:/MAS/ProjektMAS/ProjektMAS.sdk/design_1_wrapper_hw_platform_0/ps7_init.tcl' is done.
17:41:57 INFO  : Context for 'APU' is selected.
17:41:57 INFO  : Hardware design information is loaded from 'D:/MAS/ProjektMAS/ProjektMAS.sdk/design_1_wrapper_hw_platform_0/system.hdf'.
17:41:57 INFO  : 'configparams force-mem-access 1' command is executed.
17:41:57 INFO  : Context for 'APU' is selected.
17:41:58 INFO  : 'stop' command is executed.
17:41:58 INFO  : 'ps7_init' command is executed.
17:41:58 INFO  : 'ps7_post_config' command is executed.
17:41:59 INFO  : Context for processor 'ps7_cortexa9_0' is selected.
17:41:59 INFO  : Processor reset is completed for 'ps7_cortexa9_0'.
17:41:59 INFO  : Context for processor 'ps7_cortexa9_0' is selected.
17:42:00 INFO  : The application 'D:/MAS/ProjektMAS/ProjektMAS.sdk/mas_camera/Debug/mas_camera.elf' is downloaded to processor 'ps7_cortexa9_0'.
17:42:00 INFO  : 'configparams force-mem-access 0' command is executed.
17:42:00 INFO  : ----------------XSDB Script----------------
connect -url tcp:127.0.0.1:3121
source D:/MAS/ProjektMAS/ProjektMAS.sdk/design_1_wrapper_hw_platform_0/ps7_init.tcl
targets -set -nocase -filter {name =~"APU*" && jtag_cable_name =~ "Xilinx PYNQ-Z1 003017A4CFC3A"} -index 0
loadhw -hw D:/MAS/ProjektMAS/ProjektMAS.sdk/design_1_wrapper_hw_platform_0/system.hdf -mem-ranges [list {0x40000000 0xbfffffff}]
configparams force-mem-access 1
targets -set -nocase -filter {name =~"APU*" && jtag_cable_name =~ "Xilinx PYNQ-Z1 003017A4CFC3A"} -index 0
stop
ps7_init
ps7_post_config
targets -set -nocase -filter {name =~ "ARM*#0" && jtag_cable_name =~ "Xilinx PYNQ-Z1 003017A4CFC3A"} -index 0
rst -processor
targets -set -nocase -filter {name =~ "ARM*#0" && jtag_cable_name =~ "Xilinx PYNQ-Z1 003017A4CFC3A"} -index 0
dow D:/MAS/ProjektMAS/ProjektMAS.sdk/mas_camera/Debug/mas_camera.elf
configparams force-mem-access 0
----------------End of Script----------------

17:42:00 INFO  : Memory regions updated for context APU
17:42:01 INFO  : Context for processor 'ps7_cortexa9_0' is selected.
17:42:01 INFO  : 'con' command is executed.
17:42:01 INFO  : ----------------XSDB Script (After Launch)----------------
targets -set -nocase -filter {name =~ "ARM*#0" && jtag_cable_name =~ "Xilinx PYNQ-Z1 003017A4CFC3A"} -index 0
con
----------------End of Script----------------

17:42:01 INFO  : Launch script is exported to file 'D:\MAS\ProjektMAS\ProjektMAS.sdk\.sdk\launch_scripts\xilinx_c-c++_application_(system_debugger)\system_debugger_using_debug_mas_camera.elf_on_local.tcl'
17:42:28 INFO  : Disconnected from the channel tcfchan#2.
17:43:00 INFO  : 'targets -set -filter {jtag_cable_name =~ "Xilinx PYNQ-Z1 003017A4CFC3A" && level==0} -index 1' command is executed.
17:43:00 INFO  : 'fpga -state' command is executed.
17:43:00 INFO  : Connected to target on host '127.0.0.1' and port '3121'.
17:43:01 INFO  : Jtag cable 'Xilinx PYNQ-Z1 003017A4CFC3A' is selected.
17:43:01 INFO  : 'jtag frequency' command is executed.
17:43:01 INFO  : Sourcing of 'D:/MAS/ProjektMAS/ProjektMAS.sdk/design_1_wrapper_hw_platform_0/ps7_init.tcl' is done.
17:43:02 INFO  : Context for 'APU' is selected.
17:43:02 INFO  : Hardware design information is loaded from 'D:/MAS/ProjektMAS/ProjektMAS.sdk/design_1_wrapper_hw_platform_0/system.hdf'.
17:43:02 INFO  : 'configparams force-mem-access 1' command is executed.
17:43:02 INFO  : Context for 'APU' is selected.
17:43:02 INFO  : 'stop' command is executed.
17:43:03 INFO  : 'ps7_init' command is executed.
17:43:03 INFO  : 'ps7_post_config' command is executed.
17:43:04 INFO  : Context for processor 'ps7_cortexa9_0' is selected.
17:43:04 INFO  : Processor reset is completed for 'ps7_cortexa9_0'.
17:43:04 INFO  : Context for processor 'ps7_cortexa9_0' is selected.
17:43:05 INFO  : The application 'D:/MAS/ProjektMAS/ProjektMAS.sdk/mas_camera/Debug/mas_camera.elf' is downloaded to processor 'ps7_cortexa9_0'.
17:43:05 INFO  : 'configparams force-mem-access 0' command is executed.
17:43:05 INFO  : ----------------XSDB Script----------------
connect -url tcp:127.0.0.1:3121
source D:/MAS/ProjektMAS/ProjektMAS.sdk/design_1_wrapper_hw_platform_0/ps7_init.tcl
targets -set -nocase -filter {name =~"APU*" && jtag_cable_name =~ "Xilinx PYNQ-Z1 003017A4CFC3A"} -index 0
loadhw -hw D:/MAS/ProjektMAS/ProjektMAS.sdk/design_1_wrapper_hw_platform_0/system.hdf -mem-ranges [list {0x40000000 0xbfffffff}]
configparams force-mem-access 1
targets -set -nocase -filter {name =~"APU*" && jtag_cable_name =~ "Xilinx PYNQ-Z1 003017A4CFC3A"} -index 0
stop
ps7_init
ps7_post_config
targets -set -nocase -filter {name =~ "ARM*#0" && jtag_cable_name =~ "Xilinx PYNQ-Z1 003017A4CFC3A"} -index 0
rst -processor
targets -set -nocase -filter {name =~ "ARM*#0" && jtag_cable_name =~ "Xilinx PYNQ-Z1 003017A4CFC3A"} -index 0
dow D:/MAS/ProjektMAS/ProjektMAS.sdk/mas_camera/Debug/mas_camera.elf
configparams force-mem-access 0
----------------End of Script----------------

17:43:05 INFO  : Memory regions updated for context APU
17:43:05 INFO  : Context for processor 'ps7_cortexa9_0' is selected.
17:43:05 INFO  : 'con' command is executed.
17:43:05 INFO  : ----------------XSDB Script (After Launch)----------------
targets -set -nocase -filter {name =~ "ARM*#0" && jtag_cable_name =~ "Xilinx PYNQ-Z1 003017A4CFC3A"} -index 0
con
----------------End of Script----------------

17:43:05 INFO  : Launch script is exported to file 'D:\MAS\ProjektMAS\ProjektMAS.sdk\.sdk\launch_scripts\xilinx_c-c++_application_(system_debugger)\system_debugger_using_debug_mas_camera.elf_on_local.tcl'
17:43:38 INFO  : Disconnected from the channel tcfchan#3.
17:43:54 INFO  : 'targets -set -filter {jtag_cable_name =~ "Xilinx PYNQ-Z1 003017A4CFC3A" && level==0} -index 1' command is executed.
17:43:54 INFO  : 'fpga -state' command is executed.
17:43:54 INFO  : Connected to target on host '127.0.0.1' and port '3121'.
17:43:54 INFO  : Jtag cable 'Xilinx PYNQ-Z1 003017A4CFC3A' is selected.
17:43:54 INFO  : 'jtag frequency' command is executed.
17:43:54 INFO  : Sourcing of 'D:/MAS/ProjektMAS/ProjektMAS.sdk/design_1_wrapper_hw_platform_0/ps7_init.tcl' is done.
17:43:55 INFO  : Context for 'APU' is selected.
17:43:57 INFO  : Hardware design information is loaded from 'D:/MAS/ProjektMAS/ProjektMAS.sdk/design_1_wrapper_hw_platform_0/system.hdf'.
17:43:57 INFO  : 'configparams force-mem-access 1' command is executed.
17:43:57 INFO  : Context for 'APU' is selected.
17:43:57 INFO  : 'stop' command is executed.
17:43:58 INFO  : 'ps7_init' command is executed.
17:43:58 INFO  : 'ps7_post_config' command is executed.
17:43:59 INFO  : Context for processor 'ps7_cortexa9_0' is selected.
17:43:59 INFO  : Processor reset is completed for 'ps7_cortexa9_0'.
17:43:59 INFO  : Context for processor 'ps7_cortexa9_0' is selected.
17:44:00 INFO  : The application 'D:/MAS/ProjektMAS/ProjektMAS.sdk/mas_camera/Debug/mas_camera.elf' is downloaded to processor 'ps7_cortexa9_0'.
17:44:00 INFO  : 'configparams force-mem-access 0' command is executed.
17:44:00 INFO  : ----------------XSDB Script----------------
connect -url tcp:127.0.0.1:3121
source D:/MAS/ProjektMAS/ProjektMAS.sdk/design_1_wrapper_hw_platform_0/ps7_init.tcl
targets -set -nocase -filter {name =~"APU*" && jtag_cable_name =~ "Xilinx PYNQ-Z1 003017A4CFC3A"} -index 0
loadhw -hw D:/MAS/ProjektMAS/ProjektMAS.sdk/design_1_wrapper_hw_platform_0/system.hdf -mem-ranges [list {0x40000000 0xbfffffff}]
configparams force-mem-access 1
targets -set -nocase -filter {name =~"APU*" && jtag_cable_name =~ "Xilinx PYNQ-Z1 003017A4CFC3A"} -index 0
stop
ps7_init
ps7_post_config
targets -set -nocase -filter {name =~ "ARM*#0" && jtag_cable_name =~ "Xilinx PYNQ-Z1 003017A4CFC3A"} -index 0
rst -processor
targets -set -nocase -filter {name =~ "ARM*#0" && jtag_cable_name =~ "Xilinx PYNQ-Z1 003017A4CFC3A"} -index 0
dow D:/MAS/ProjektMAS/ProjektMAS.sdk/mas_camera/Debug/mas_camera.elf
configparams force-mem-access 0
----------------End of Script----------------

17:44:00 INFO  : Memory regions updated for context APU
17:44:01 INFO  : Context for processor 'ps7_cortexa9_0' is selected.
17:44:01 INFO  : 'con' command is executed.
17:44:01 INFO  : ----------------XSDB Script (After Launch)----------------
targets -set -nocase -filter {name =~ "ARM*#0" && jtag_cable_name =~ "Xilinx PYNQ-Z1 003017A4CFC3A"} -index 0
con
----------------End of Script----------------

17:44:01 INFO  : Launch script is exported to file 'D:\MAS\ProjektMAS\ProjektMAS.sdk\.sdk\launch_scripts\xilinx_c-c++_application_(system_debugger)\system_debugger_using_debug_mas_camera.elf_on_local.tcl'
17:44:54 INFO  : Disconnected from the channel tcfchan#4.
17:46:45 INFO  : 'targets -set -filter {jtag_cable_name =~ "Xilinx PYNQ-Z1 003017A4CFC3A" && level==0} -index 1' command is executed.
17:46:45 INFO  : 'fpga -state' command is executed.
17:46:45 INFO  : Connected to target on host '127.0.0.1' and port '3121'.
17:46:46 INFO  : Jtag cable 'Xilinx PYNQ-Z1 003017A4CFC3A' is selected.
17:46:46 INFO  : 'jtag frequency' command is executed.
17:46:46 INFO  : Sourcing of 'D:/MAS/ProjektMAS/ProjektMAS.sdk/design_1_wrapper_hw_platform_0/ps7_init.tcl' is done.
17:46:46 INFO  : Context for 'APU' is selected.
17:46:47 INFO  : Hardware design information is loaded from 'D:/MAS/ProjektMAS/ProjektMAS.sdk/design_1_wrapper_hw_platform_0/system.hdf'.
17:46:47 INFO  : 'configparams force-mem-access 1' command is executed.
17:46:47 INFO  : Context for 'APU' is selected.
17:46:47 INFO  : 'stop' command is executed.
17:46:48 INFO  : 'ps7_init' command is executed.
17:46:48 INFO  : 'ps7_post_config' command is executed.
17:46:49 INFO  : Context for processor 'ps7_cortexa9_0' is selected.
17:46:49 INFO  : Processor reset is completed for 'ps7_cortexa9_0'.
17:46:49 INFO  : Context for processor 'ps7_cortexa9_0' is selected.
17:46:49 INFO  : The application 'D:/MAS/ProjektMAS/ProjektMAS.sdk/mas_camera/Debug/mas_camera.elf' is downloaded to processor 'ps7_cortexa9_0'.
17:46:50 INFO  : 'configparams force-mem-access 0' command is executed.
17:46:50 INFO  : ----------------XSDB Script----------------
connect -url tcp:127.0.0.1:3121
source D:/MAS/ProjektMAS/ProjektMAS.sdk/design_1_wrapper_hw_platform_0/ps7_init.tcl
targets -set -nocase -filter {name =~"APU*" && jtag_cable_name =~ "Xilinx PYNQ-Z1 003017A4CFC3A"} -index 0
loadhw -hw D:/MAS/ProjektMAS/ProjektMAS.sdk/design_1_wrapper_hw_platform_0/system.hdf -mem-ranges [list {0x40000000 0xbfffffff}]
configparams force-mem-access 1
targets -set -nocase -filter {name =~"APU*" && jtag_cable_name =~ "Xilinx PYNQ-Z1 003017A4CFC3A"} -index 0
stop
ps7_init
ps7_post_config
targets -set -nocase -filter {name =~ "ARM*#0" && jtag_cable_name =~ "Xilinx PYNQ-Z1 003017A4CFC3A"} -index 0
rst -processor
targets -set -nocase -filter {name =~ "ARM*#0" && jtag_cable_name =~ "Xilinx PYNQ-Z1 003017A4CFC3A"} -index 0
dow D:/MAS/ProjektMAS/ProjektMAS.sdk/mas_camera/Debug/mas_camera.elf
configparams force-mem-access 0
----------------End of Script----------------

17:46:50 INFO  : Memory regions updated for context APU
17:46:50 INFO  : Context for processor 'ps7_cortexa9_0' is selected.
17:46:50 INFO  : 'con' command is executed.
17:46:50 INFO  : ----------------XSDB Script (After Launch)----------------
targets -set -nocase -filter {name =~ "ARM*#0" && jtag_cable_name =~ "Xilinx PYNQ-Z1 003017A4CFC3A"} -index 0
con
----------------End of Script----------------

17:46:50 INFO  : Launch script is exported to file 'D:\MAS\ProjektMAS\ProjektMAS.sdk\.sdk\launch_scripts\xilinx_c-c++_application_(system_debugger)\system_debugger_using_debug_mas_camera.elf_on_local.tcl'
17:47:48 INFO  : Disconnected from the channel tcfchan#5.
17:50:45 WARN  : Given XMD transaction timeout value is invalid. Using default value of 60000 milli seconds
17:50:48 WARN  : Given XMD transaction timeout value is invalid. Using default value of 60000 milli seconds
17:50:48 WARN  : Given XMD transaction timeout value is invalid. Using default value of 60000 milli seconds
17:50:49 WARN  : Given XMD transaction timeout value is invalid. Using default value of 60000 milli seconds
17:50:49 WARN  : Given XMD transaction timeout value is invalid. Using default value of 60000 milli seconds
17:50:49 WARN  : Given XMD transaction timeout value is invalid. Using default value of 60000 milli seconds
17:50:49 WARN  : Given XMD transaction timeout value is invalid. Using default value of 60000 milli seconds
17:50:49 INFO  : ps7_init is completed.
17:50:49 WARN  : Given XMD transaction timeout value is invalid. Using default value of 60000 milli seconds
17:50:49 INFO  : ps7_post_config is completed.
17:50:49 WARN  : Given XMD transaction timeout value is invalid. Using default value of 60000 milli seconds
17:50:49 WARN  : Given XMD transaction timeout value is invalid. Using default value of 60000 milli seconds
17:50:50 INFO  : Processor reset is completed for ps7_cortexa9_0
17:50:50 WARN  : Given XMD transaction timeout value is invalid. Using default value of 60000 milli seconds
17:50:50 ERROR : Unexpected error while opening JTAG UART: 
java.lang.RuntimeException: Error while opening JTAG UART server: MDM Uart NOT Present in the System
Could not detect MDM peripheral on hardware. Please check:
    1. If FPGA is configured correctly
    2. MDM Core is instantiated in the design
    3. If the correct FPGA is referred, in case of multiple FPGAs
    4. If the correct MDM is referred, in case of a multiple MDM system
    

	at com.xilinx.sdk.targetmanager.internal.TM.startJTAGUARTServer(TM.java:945)
	at com.xilinx.sdk.debug.core.internal.comm.JTAGUARTStreamsProxy.<init>(JTAGUARTStreamsProxy.java:32)
	at com.xilinx.sdk.debug.core.internal.RemoteProcess.createStreamsProxy(RemoteProcess.java:164)
	at com.xilinx.sdk.debug.core.internal.RemoteProcess.<init>(RemoteProcess.java:65)
	at com.xilinx.sdk.debug.core.internal.AppRunner.run(AppRunner.java:91)
	at com.xilinx.sdk.debug.core.XilinxAppLaunchConfigurationDelegate.runApplication(XilinxAppLaunchConfigurationDelegate.java:637)
	at com.xilinx.sdk.debug.core.XilinxAppLaunchConfigurationDelegate.launch(XilinxAppLaunchConfigurationDelegate.java:309)
	at com.xilinx.sdk.debug.ui.XilinxAppLaunchDelegateWrapper.launch(XilinxAppLaunchDelegateWrapper.java:31)
	at org.eclipse.debug.internal.core.LaunchConfiguration.launch(LaunchConfiguration.java:885)
	at org.eclipse.debug.internal.core.LaunchConfiguration.launch(LaunchConfiguration.java:739)
	at org.eclipse.debug.internal.ui.DebugUIPlugin.buildAndLaunch(DebugUIPlugin.java:1039)
	at org.eclipse.debug.internal.ui.DebugUIPlugin$8.run(DebugUIPlugin.java:1256)
	at org.eclipse.core.internal.jobs.Worker.run(Worker.java:55)
17:50:50 WARN  : Given XMD transaction timeout value is invalid. Using default value of 60000 milli seconds
17:50:50 WARN  : Given XMD transaction timeout value is invalid. Using default value of 60000 milli seconds
17:50:50 WARN  : Given XMD transaction timeout value is invalid. Using default value of 60000 milli seconds
17:50:50 WARN  : Given XMD transaction timeout value is invalid. Using default value of 60000 milli seconds
17:50:50 WARN  : Given XMD transaction timeout value is invalid. Using default value of 60000 milli seconds
17:50:50 WARN  : Given XMD transaction timeout value is invalid. Using default value of 60000 milli seconds
17:50:50 WARN  : Given XMD transaction timeout value is invalid. Using default value of 60000 milli seconds
17:50:50 WARN  : Given XMD transaction timeout value is invalid. Using default value of 60000 milli seconds
17:50:51 WARN  : Given XMD transaction timeout value is invalid. Using default value of 60000 milli seconds
17:51:14 WARN  : Given XMD transaction timeout value is invalid. Using default value of 60000 milli seconds
17:51:16 WARN  : Given XMD transaction timeout value is invalid. Using default value of 60000 milli seconds
17:51:16 WARN  : Given XMD transaction timeout value is invalid. Using default value of 60000 milli seconds
17:51:16 WARN  : Given XMD transaction timeout value is invalid. Using default value of 60000 milli seconds
17:51:16 WARN  : Given XMD transaction timeout value is invalid. Using default value of 60000 milli seconds
17:51:17 WARN  : Given XMD transaction timeout value is invalid. Using default value of 60000 milli seconds
17:51:17 WARN  : Given XMD transaction timeout value is invalid. Using default value of 60000 milli seconds
17:51:17 INFO  : Processor reset is completed for ps7_cortexa9_0
17:51:17 WARN  : Given XMD transaction timeout value is invalid. Using default value of 60000 milli seconds
17:51:17 ERROR : Unexpected error while opening JTAG UART: 
java.lang.RuntimeException: Error while opening JTAG UART server: MDM Uart NOT Present in the System
Could not detect MDM peripheral on hardware. Please check:
    1. If FPGA is configured correctly
    2. MDM Core is instantiated in the design
    3. If the correct FPGA is referred, in case of multiple FPGAs
    4. If the correct MDM is referred, in case of a multiple MDM system
    

	at com.xilinx.sdk.targetmanager.internal.TM.startJTAGUARTServer(TM.java:945)
	at com.xilinx.sdk.debug.core.internal.comm.JTAGUARTStreamsProxy.<init>(JTAGUARTStreamsProxy.java:32)
	at com.xilinx.sdk.debug.core.internal.RemoteProcess.createStreamsProxy(RemoteProcess.java:164)
	at com.xilinx.sdk.debug.core.internal.RemoteProcess.<init>(RemoteProcess.java:65)
	at com.xilinx.sdk.debug.core.internal.AppRunner.run(AppRunner.java:91)
	at com.xilinx.sdk.debug.core.XilinxAppLaunchConfigurationDelegate.runApplication(XilinxAppLaunchConfigurationDelegate.java:637)
	at com.xilinx.sdk.debug.core.XilinxAppLaunchConfigurationDelegate.launch(XilinxAppLaunchConfigurationDelegate.java:309)
	at com.xilinx.sdk.debug.ui.XilinxAppLaunchDelegateWrapper.launch(XilinxAppLaunchDelegateWrapper.java:31)
	at org.eclipse.debug.internal.core.LaunchConfiguration.launch(LaunchConfiguration.java:885)
	at org.eclipse.debug.internal.core.LaunchConfiguration.launch(LaunchConfiguration.java:739)
	at org.eclipse.debug.internal.ui.DebugUIPlugin.buildAndLaunch(DebugUIPlugin.java:1039)
	at org.eclipse.debug.internal.ui.DebugUIPlugin$8.run(DebugUIPlugin.java:1256)
	at org.eclipse.core.internal.jobs.Worker.run(Worker.java:55)
17:51:17 WARN  : Given XMD transaction timeout value is invalid. Using default value of 60000 milli seconds
17:51:17 WARN  : Given XMD transaction timeout value is invalid. Using default value of 60000 milli seconds
17:51:17 WARN  : Given XMD transaction timeout value is invalid. Using default value of 60000 milli seconds
17:51:17 WARN  : Given XMD transaction timeout value is invalid. Using default value of 60000 milli seconds
17:51:17 WARN  : Given XMD transaction timeout value is invalid. Using default value of 60000 milli seconds
17:51:17 WARN  : Given XMD transaction timeout value is invalid. Using default value of 60000 milli seconds
17:51:18 WARN  : Given XMD transaction timeout value is invalid. Using default value of 60000 milli seconds
17:51:18 WARN  : Given XMD transaction timeout value is invalid. Using default value of 60000 milli seconds
17:51:18 WARN  : Given XMD transaction timeout value is invalid. Using default value of 60000 milli seconds
17:51:58 INFO  : 'targets -set -filter {jtag_cable_name =~ "Xilinx PYNQ-Z1 003017A4CFC3A" && level==0} -index 1' command is executed.
17:51:58 INFO  : 'fpga -state' command is executed.
17:51:58 INFO  : Connected to target on host '127.0.0.1' and port '3121'.
17:51:58 INFO  : Jtag cable 'Xilinx PYNQ-Z1 003017A4CFC3A' is selected.
17:51:58 INFO  : 'jtag frequency' command is executed.
17:51:58 INFO  : Sourcing of 'D:/MAS/ProjektMAS/ProjektMAS.sdk/design_1_wrapper_hw_platform_0/ps7_init.tcl' is done.
17:51:58 INFO  : Context for 'APU' is selected.
17:51:58 INFO  : Hardware design information is loaded from 'D:/MAS/ProjektMAS/ProjektMAS.sdk/design_1_wrapper_hw_platform_0/system.hdf'.
17:51:58 INFO  : 'configparams force-mem-access 1' command is executed.
17:51:58 INFO  : Context for 'APU' is selected.
17:51:58 INFO  : 'stop' command is executed.
17:51:59 INFO  : 'ps7_init' command is executed.
17:51:59 INFO  : 'ps7_post_config' command is executed.
17:51:59 INFO  : Context for processor 'ps7_cortexa9_0' is selected.
17:51:59 INFO  : Processor reset is completed for 'ps7_cortexa9_0'.
17:51:59 INFO  : Context for processor 'ps7_cortexa9_0' is selected.
17:51:59 INFO  : The application 'D:/MAS/ProjektMAS/ProjektMAS.sdk/mas_camera/Debug/mas_camera.elf' is downloaded to processor 'ps7_cortexa9_0'.
17:51:59 INFO  : 'configparams force-mem-access 0' command is executed.
17:51:59 INFO  : ----------------XSDB Script----------------
connect -url tcp:127.0.0.1:3121
source D:/MAS/ProjektMAS/ProjektMAS.sdk/design_1_wrapper_hw_platform_0/ps7_init.tcl
targets -set -nocase -filter {name =~"APU*" && jtag_cable_name =~ "Xilinx PYNQ-Z1 003017A4CFC3A"} -index 0
loadhw -hw D:/MAS/ProjektMAS/ProjektMAS.sdk/design_1_wrapper_hw_platform_0/system.hdf -mem-ranges [list {0x40000000 0xbfffffff}]
configparams force-mem-access 1
targets -set -nocase -filter {name =~"APU*" && jtag_cable_name =~ "Xilinx PYNQ-Z1 003017A4CFC3A"} -index 0
stop
ps7_init
ps7_post_config
targets -set -nocase -filter {name =~ "ARM*#0" && jtag_cable_name =~ "Xilinx PYNQ-Z1 003017A4CFC3A"} -index 0
rst -processor
targets -set -nocase -filter {name =~ "ARM*#0" && jtag_cable_name =~ "Xilinx PYNQ-Z1 003017A4CFC3A"} -index 0
dow D:/MAS/ProjektMAS/ProjektMAS.sdk/mas_camera/Debug/mas_camera.elf
configparams force-mem-access 0
----------------End of Script----------------

17:51:59 INFO  : Memory regions updated for context APU
17:51:59 INFO  : Context for processor 'ps7_cortexa9_0' is selected.
17:51:59 INFO  : 'con' command is executed.
17:51:59 INFO  : ----------------XSDB Script (After Launch)----------------
targets -set -nocase -filter {name =~ "ARM*#0" && jtag_cable_name =~ "Xilinx PYNQ-Z1 003017A4CFC3A"} -index 0
con
----------------End of Script----------------

17:51:59 INFO  : Launch script is exported to file 'D:\MAS\ProjektMAS\ProjektMAS.sdk\.sdk\launch_scripts\xilinx_c-c++_application_(system_debugger)\system_debugger_using_debug_mas_camera.elf_on_local.tcl'
17:52:41 WARN  : Given XMD transaction timeout value is invalid. Using default value of 60000 milli seconds
17:52:41 INFO  : Disconnected from the channel tcfchan#6.
17:52:41 WARN  : Given XMD transaction timeout value is invalid. Using default value of 60000 milli seconds
17:52:41 WARN  : Given XMD transaction timeout value is invalid. Using default value of 60000 milli seconds
17:52:41 WARN  : Given XMD transaction timeout value is invalid. Using default value of 60000 milli seconds
17:52:41 WARN  : Given XMD transaction timeout value is invalid. Using default value of 60000 milli seconds
17:52:41 WARN  : Given XMD transaction timeout value is invalid. Using default value of 60000 milli seconds
17:52:41 WARN  : Given XMD transaction timeout value is invalid. Using default value of 60000 milli seconds
17:52:42 INFO  : Processor reset is completed for ps7_cortexa9_0
17:52:42 WARN  : Given XMD transaction timeout value is invalid. Using default value of 60000 milli seconds
17:52:42 ERROR : Unexpected error while opening JTAG UART: 
java.lang.RuntimeException: Error while opening JTAG UART server: MDM Uart NOT Present in the System
Could not detect MDM peripheral on hardware. Please check:
    1. If FPGA is configured correctly
    2. MDM Core is instantiated in the design
    3. If the correct FPGA is referred, in case of multiple FPGAs
    4. If the correct MDM is referred, in case of a multiple MDM system
    

	at com.xilinx.sdk.targetmanager.internal.TM.startJTAGUARTServer(TM.java:945)
	at com.xilinx.sdk.debug.core.internal.comm.JTAGUARTStreamsProxy.<init>(JTAGUARTStreamsProxy.java:32)
	at com.xilinx.sdk.debug.core.internal.RemoteProcess.createStreamsProxy(RemoteProcess.java:164)
	at com.xilinx.sdk.debug.core.internal.RemoteProcess.<init>(RemoteProcess.java:65)
	at com.xilinx.sdk.debug.core.internal.AppRunner.run(AppRunner.java:91)
	at com.xilinx.sdk.debug.core.XilinxAppLaunchConfigurationDelegate.runApplication(XilinxAppLaunchConfigurationDelegate.java:637)
	at com.xilinx.sdk.debug.core.XilinxAppLaunchConfigurationDelegate.launch(XilinxAppLaunchConfigurationDelegate.java:309)
	at com.xilinx.sdk.debug.ui.XilinxAppLaunchDelegateWrapper.launch(XilinxAppLaunchDelegateWrapper.java:31)
	at org.eclipse.debug.internal.core.LaunchConfiguration.launch(LaunchConfiguration.java:885)
	at org.eclipse.debug.internal.core.LaunchConfiguration.launch(LaunchConfiguration.java:739)
	at org.eclipse.debug.internal.ui.DebugUIPlugin.buildAndLaunch(DebugUIPlugin.java:1039)
	at org.eclipse.debug.internal.ui.DebugUIPlugin$8.run(DebugUIPlugin.java:1256)
	at org.eclipse.core.internal.jobs.Worker.run(Worker.java:55)
17:52:42 WARN  : Given XMD transaction timeout value is invalid. Using default value of 60000 milli seconds
17:52:42 WARN  : Given XMD transaction timeout value is invalid. Using default value of 60000 milli seconds
17:52:42 WARN  : Given XMD transaction timeout value is invalid. Using default value of 60000 milli seconds
17:52:42 WARN  : Given XMD transaction timeout value is invalid. Using default value of 60000 milli seconds
17:52:42 WARN  : Given XMD transaction timeout value is invalid. Using default value of 60000 milli seconds
17:52:42 WARN  : Given XMD transaction timeout value is invalid. Using default value of 60000 milli seconds
17:52:42 WARN  : Given XMD transaction timeout value is invalid. Using default value of 60000 milli seconds
17:52:42 WARN  : Given XMD transaction timeout value is invalid. Using default value of 60000 milli seconds
17:52:42 WARN  : Given XMD transaction timeout value is invalid. Using default value of 60000 milli seconds
17:57:43 INFO  : 'targets -set -filter {jtag_cable_name =~ "Xilinx PYNQ-Z1 003017A4CFC3A" && level==0} -index 1' command is executed.
17:57:43 INFO  : 'fpga -state' command is executed.
17:57:43 INFO  : Connected to target on host '127.0.0.1' and port '3121'.
17:57:44 INFO  : Jtag cable 'Xilinx PYNQ-Z1 003017A4CFC3A' is selected.
17:57:44 INFO  : 'jtag frequency' command is executed.
17:57:44 INFO  : Sourcing of 'D:/MAS/ProjektMAS/ProjektMAS.sdk/design_1_wrapper_hw_platform_0/ps7_init.tcl' is done.
17:57:44 INFO  : Context for 'APU' is selected.
17:57:44 INFO  : Hardware design information is loaded from 'D:/MAS/ProjektMAS/ProjektMAS.sdk/design_1_wrapper_hw_platform_0/system.hdf'.
17:57:44 INFO  : 'configparams force-mem-access 1' command is executed.
17:57:44 INFO  : Context for 'APU' is selected.
17:57:44 INFO  : 'stop' command is executed.
17:57:44 INFO  : 'ps7_init' command is executed.
17:57:44 INFO  : 'ps7_post_config' command is executed.
17:57:44 INFO  : Context for processor 'ps7_cortexa9_0' is selected.
17:57:44 INFO  : Processor reset is completed for 'ps7_cortexa9_0'.
17:57:44 INFO  : Context for processor 'ps7_cortexa9_0' is selected.
17:57:45 INFO  : The application 'D:/MAS/ProjektMAS/ProjektMAS.sdk/mas_camera/Debug/mas_camera.elf' is downloaded to processor 'ps7_cortexa9_0'.
17:57:45 INFO  : 'configparams force-mem-access 0' command is executed.
17:57:45 INFO  : ----------------XSDB Script----------------
connect -url tcp:127.0.0.1:3121
source D:/MAS/ProjektMAS/ProjektMAS.sdk/design_1_wrapper_hw_platform_0/ps7_init.tcl
targets -set -nocase -filter {name =~"APU*" && jtag_cable_name =~ "Xilinx PYNQ-Z1 003017A4CFC3A"} -index 0
loadhw -hw D:/MAS/ProjektMAS/ProjektMAS.sdk/design_1_wrapper_hw_platform_0/system.hdf -mem-ranges [list {0x40000000 0xbfffffff}]
configparams force-mem-access 1
targets -set -nocase -filter {name =~"APU*" && jtag_cable_name =~ "Xilinx PYNQ-Z1 003017A4CFC3A"} -index 0
stop
ps7_init
ps7_post_config
targets -set -nocase -filter {name =~ "ARM*#0" && jtag_cable_name =~ "Xilinx PYNQ-Z1 003017A4CFC3A"} -index 0
rst -processor
targets -set -nocase -filter {name =~ "ARM*#0" && jtag_cable_name =~ "Xilinx PYNQ-Z1 003017A4CFC3A"} -index 0
dow D:/MAS/ProjektMAS/ProjektMAS.sdk/mas_camera/Debug/mas_camera.elf
configparams force-mem-access 0
----------------End of Script----------------

17:57:45 INFO  : Memory regions updated for context APU
17:57:45 INFO  : Context for processor 'ps7_cortexa9_0' is selected.
17:57:45 INFO  : 'con' command is executed.
17:57:45 INFO  : ----------------XSDB Script (After Launch)----------------
targets -set -nocase -filter {name =~ "ARM*#0" && jtag_cable_name =~ "Xilinx PYNQ-Z1 003017A4CFC3A"} -index 0
con
----------------End of Script----------------

17:57:45 INFO  : Launch script is exported to file 'D:\MAS\ProjektMAS\ProjektMAS.sdk\.sdk\launch_scripts\xilinx_c-c++_application_(system_debugger)\system_debugger_using_debug_mas_camera.elf_on_local.tcl'
17:58:24 INFO  : Disconnected from the channel tcfchan#7.
18:05:24 INFO  : 'targets -set -filter {jtag_cable_name =~ "Xilinx PYNQ-Z1 003017A4CFC3A" && level==0} -index 1' command is executed.
18:05:24 INFO  : 'fpga -state' command is executed.
18:05:24 INFO  : Connected to target on host '127.0.0.1' and port '3121'.
18:05:24 INFO  : Jtag cable 'Xilinx PYNQ-Z1 003017A4CFC3A' is selected.
18:05:24 INFO  : 'jtag frequency' command is executed.
18:05:24 INFO  : Sourcing of 'D:/MAS/ProjektMAS/ProjektMAS.sdk/design_1_wrapper_hw_platform_0/ps7_init.tcl' is done.
18:05:24 INFO  : Context for 'APU' is selected.
18:05:24 INFO  : Hardware design information is loaded from 'D:/MAS/ProjektMAS/ProjektMAS.sdk/design_1_wrapper_hw_platform_0/system.hdf'.
18:05:24 INFO  : 'configparams force-mem-access 1' command is executed.
18:05:24 INFO  : Context for 'APU' is selected.
18:05:24 INFO  : 'stop' command is executed.
18:05:25 INFO  : 'ps7_init' command is executed.
18:05:25 INFO  : 'ps7_post_config' command is executed.
18:05:25 INFO  : Context for processor 'ps7_cortexa9_0' is selected.
18:05:25 INFO  : Processor reset is completed for 'ps7_cortexa9_0'.
18:05:25 INFO  : Context for processor 'ps7_cortexa9_0' is selected.
18:05:25 INFO  : The application 'D:/MAS/ProjektMAS/ProjektMAS.sdk/mas_camera/Debug/mas_camera.elf' is downloaded to processor 'ps7_cortexa9_0'.
18:05:25 INFO  : 'configparams force-mem-access 0' command is executed.
18:05:25 INFO  : ----------------XSDB Script----------------
connect -url tcp:127.0.0.1:3121
source D:/MAS/ProjektMAS/ProjektMAS.sdk/design_1_wrapper_hw_platform_0/ps7_init.tcl
targets -set -nocase -filter {name =~"APU*" && jtag_cable_name =~ "Xilinx PYNQ-Z1 003017A4CFC3A"} -index 0
loadhw -hw D:/MAS/ProjektMAS/ProjektMAS.sdk/design_1_wrapper_hw_platform_0/system.hdf -mem-ranges [list {0x40000000 0xbfffffff}]
configparams force-mem-access 1
targets -set -nocase -filter {name =~"APU*" && jtag_cable_name =~ "Xilinx PYNQ-Z1 003017A4CFC3A"} -index 0
stop
ps7_init
ps7_post_config
targets -set -nocase -filter {name =~ "ARM*#0" && jtag_cable_name =~ "Xilinx PYNQ-Z1 003017A4CFC3A"} -index 0
rst -processor
targets -set -nocase -filter {name =~ "ARM*#0" && jtag_cable_name =~ "Xilinx PYNQ-Z1 003017A4CFC3A"} -index 0
dow D:/MAS/ProjektMAS/ProjektMAS.sdk/mas_camera/Debug/mas_camera.elf
configparams force-mem-access 0
----------------End of Script----------------

18:05:25 INFO  : Memory regions updated for context APU
18:05:25 INFO  : Context for processor 'ps7_cortexa9_0' is selected.
18:05:25 INFO  : 'con' command is executed.
18:05:25 INFO  : ----------------XSDB Script (After Launch)----------------
targets -set -nocase -filter {name =~ "ARM*#0" && jtag_cable_name =~ "Xilinx PYNQ-Z1 003017A4CFC3A"} -index 0
con
----------------End of Script----------------

18:05:25 INFO  : Launch script is exported to file 'D:\MAS\ProjektMAS\ProjektMAS.sdk\.sdk\launch_scripts\xilinx_c-c++_application_(system_debugger)\system_debugger_using_debug_mas_camera.elf_on_local.tcl'
18:06:14 INFO  : Disconnected from the channel tcfchan#8.
18:06:23 INFO  : 'targets -set -filter {jtag_cable_name =~ "Xilinx PYNQ-Z1 003017A4CFC3A" && level==0} -index 1' command is executed.
18:06:23 INFO  : 'fpga -state' command is executed.
18:06:24 INFO  : Connected to target on host '127.0.0.1' and port '3121'.
18:06:24 INFO  : Jtag cable 'Xilinx PYNQ-Z1 003017A4CFC3A' is selected.
18:06:24 INFO  : 'jtag frequency' command is executed.
18:06:24 INFO  : Sourcing of 'D:/MAS/ProjektMAS/ProjektMAS.sdk/design_1_wrapper_hw_platform_0/ps7_init.tcl' is done.
18:06:24 INFO  : Context for 'APU' is selected.
18:06:26 INFO  : Hardware design information is loaded from 'D:/MAS/ProjektMAS/ProjektMAS.sdk/design_1_wrapper_hw_platform_0/system.hdf'.
18:06:26 INFO  : 'configparams force-mem-access 1' command is executed.
18:06:26 INFO  : Context for 'APU' is selected.
18:06:26 INFO  : 'stop' command is executed.
18:06:27 INFO  : 'ps7_init' command is executed.
18:06:27 INFO  : 'ps7_post_config' command is executed.
18:06:27 INFO  : Context for processor 'ps7_cortexa9_0' is selected.
18:06:27 INFO  : Processor reset is completed for 'ps7_cortexa9_0'.
18:06:27 INFO  : Context for processor 'ps7_cortexa9_0' is selected.
18:06:27 INFO  : The application 'D:/MAS/ProjektMAS/ProjektMAS.sdk/mas_camera/Debug/mas_camera.elf' is downloaded to processor 'ps7_cortexa9_0'.
18:06:27 INFO  : 'configparams force-mem-access 0' command is executed.
18:06:27 INFO  : ----------------XSDB Script----------------
connect -url tcp:127.0.0.1:3121
source D:/MAS/ProjektMAS/ProjektMAS.sdk/design_1_wrapper_hw_platform_0/ps7_init.tcl
targets -set -nocase -filter {name =~"APU*" && jtag_cable_name =~ "Xilinx PYNQ-Z1 003017A4CFC3A"} -index 0
loadhw -hw D:/MAS/ProjektMAS/ProjektMAS.sdk/design_1_wrapper_hw_platform_0/system.hdf -mem-ranges [list {0x40000000 0xbfffffff}]
configparams force-mem-access 1
targets -set -nocase -filter {name =~"APU*" && jtag_cable_name =~ "Xilinx PYNQ-Z1 003017A4CFC3A"} -index 0
stop
ps7_init
ps7_post_config
targets -set -nocase -filter {name =~ "ARM*#0" && jtag_cable_name =~ "Xilinx PYNQ-Z1 003017A4CFC3A"} -index 0
rst -processor
targets -set -nocase -filter {name =~ "ARM*#0" && jtag_cable_name =~ "Xilinx PYNQ-Z1 003017A4CFC3A"} -index 0
dow D:/MAS/ProjektMAS/ProjektMAS.sdk/mas_camera/Debug/mas_camera.elf
configparams force-mem-access 0
----------------End of Script----------------

18:06:27 INFO  : Memory regions updated for context APU
18:06:27 INFO  : Context for processor 'ps7_cortexa9_0' is selected.
18:06:27 INFO  : 'con' command is executed.
18:06:27 INFO  : ----------------XSDB Script (After Launch)----------------
targets -set -nocase -filter {name =~ "ARM*#0" && jtag_cable_name =~ "Xilinx PYNQ-Z1 003017A4CFC3A"} -index 0
con
----------------End of Script----------------

18:06:27 INFO  : Launch script is exported to file 'D:\MAS\ProjektMAS\ProjektMAS.sdk\.sdk\launch_scripts\xilinx_c-c++_application_(system_debugger)\system_debugger_using_debug_mas_camera.elf_on_local.tcl'
18:06:45 INFO  : Disconnected from the channel tcfchan#9.
18:09:16 INFO  : 'targets -set -filter {jtag_cable_name =~ "Xilinx PYNQ-Z1 003017A4CFC3A" && level==0} -index 1' command is executed.
18:09:16 INFO  : 'fpga -state' command is executed.
18:09:16 INFO  : Connected to target on host '127.0.0.1' and port '3121'.
18:09:17 INFO  : Jtag cable 'Xilinx PYNQ-Z1 003017A4CFC3A' is selected.
18:09:17 INFO  : 'jtag frequency' command is executed.
18:09:17 INFO  : Sourcing of 'D:/MAS/ProjektMAS/ProjektMAS.sdk/design_1_wrapper_hw_platform_0/ps7_init.tcl' is done.
18:09:17 INFO  : Context for 'APU' is selected.
18:09:17 INFO  : Hardware design information is loaded from 'D:/MAS/ProjektMAS/ProjektMAS.sdk/design_1_wrapper_hw_platform_0/system.hdf'.
18:09:17 INFO  : 'configparams force-mem-access 1' command is executed.
18:09:17 INFO  : Context for 'APU' is selected.
18:09:17 INFO  : 'stop' command is executed.
18:09:18 INFO  : 'ps7_init' command is executed.
18:09:18 INFO  : 'ps7_post_config' command is executed.
18:09:18 INFO  : Context for processor 'ps7_cortexa9_0' is selected.
18:09:18 INFO  : Processor reset is completed for 'ps7_cortexa9_0'.
18:09:18 INFO  : Context for processor 'ps7_cortexa9_0' is selected.
18:09:18 INFO  : The application 'D:/MAS/ProjektMAS/ProjektMAS.sdk/mas_camera/Debug/mas_camera.elf' is downloaded to processor 'ps7_cortexa9_0'.
18:09:18 INFO  : 'configparams force-mem-access 0' command is executed.
18:09:18 INFO  : ----------------XSDB Script----------------
connect -url tcp:127.0.0.1:3121
source D:/MAS/ProjektMAS/ProjektMAS.sdk/design_1_wrapper_hw_platform_0/ps7_init.tcl
targets -set -nocase -filter {name =~"APU*" && jtag_cable_name =~ "Xilinx PYNQ-Z1 003017A4CFC3A"} -index 0
loadhw -hw D:/MAS/ProjektMAS/ProjektMAS.sdk/design_1_wrapper_hw_platform_0/system.hdf -mem-ranges [list {0x40000000 0xbfffffff}]
configparams force-mem-access 1
targets -set -nocase -filter {name =~"APU*" && jtag_cable_name =~ "Xilinx PYNQ-Z1 003017A4CFC3A"} -index 0
stop
ps7_init
ps7_post_config
targets -set -nocase -filter {name =~ "ARM*#0" && jtag_cable_name =~ "Xilinx PYNQ-Z1 003017A4CFC3A"} -index 0
rst -processor
targets -set -nocase -filter {name =~ "ARM*#0" && jtag_cable_name =~ "Xilinx PYNQ-Z1 003017A4CFC3A"} -index 0
dow D:/MAS/ProjektMAS/ProjektMAS.sdk/mas_camera/Debug/mas_camera.elf
configparams force-mem-access 0
----------------End of Script----------------

18:09:18 INFO  : Memory regions updated for context APU
18:09:18 INFO  : Context for processor 'ps7_cortexa9_0' is selected.
18:09:18 INFO  : 'con' command is executed.
18:09:18 INFO  : ----------------XSDB Script (After Launch)----------------
targets -set -nocase -filter {name =~ "ARM*#0" && jtag_cable_name =~ "Xilinx PYNQ-Z1 003017A4CFC3A"} -index 0
con
----------------End of Script----------------

18:09:18 INFO  : Launch script is exported to file 'D:\MAS\ProjektMAS\ProjektMAS.sdk\.sdk\launch_scripts\xilinx_c-c++_application_(system_debugger)\system_debugger_using_debug_mas_camera.elf_on_local.tcl'
18:09:43 INFO  : Disconnected from the channel tcfchan#10.
18:09:44 INFO  : 'targets -set -filter {jtag_cable_name =~ "Xilinx PYNQ-Z1 003017A4CFC3A" && level==0} -index 1' command is executed.
18:09:44 INFO  : 'fpga -state' command is executed.
18:09:44 INFO  : Connected to target on host '127.0.0.1' and port '3121'.
18:09:44 INFO  : Jtag cable 'Xilinx PYNQ-Z1 003017A4CFC3A' is selected.
18:09:44 INFO  : 'jtag frequency' command is executed.
18:09:44 INFO  : Sourcing of 'D:/MAS/ProjektMAS/ProjektMAS.sdk/design_1_wrapper_hw_platform_0/ps7_init.tcl' is done.
18:09:44 INFO  : Context for 'APU' is selected.
18:09:46 INFO  : Hardware design information is loaded from 'D:/MAS/ProjektMAS/ProjektMAS.sdk/design_1_wrapper_hw_platform_0/system.hdf'.
18:09:47 INFO  : 'configparams force-mem-access 1' command is executed.
18:09:47 INFO  : Context for 'APU' is selected.
18:09:47 INFO  : 'stop' command is executed.
18:09:47 INFO  : 'ps7_init' command is executed.
18:09:47 INFO  : 'ps7_post_config' command is executed.
18:09:47 INFO  : Context for processor 'ps7_cortexa9_0' is selected.
18:09:47 INFO  : Processor reset is completed for 'ps7_cortexa9_0'.
18:09:47 INFO  : Context for processor 'ps7_cortexa9_0' is selected.
18:09:47 INFO  : The application 'D:/MAS/ProjektMAS/ProjektMAS.sdk/mas_camera/Debug/mas_camera.elf' is downloaded to processor 'ps7_cortexa9_0'.
18:09:47 INFO  : 'configparams force-mem-access 0' command is executed.
18:09:47 INFO  : ----------------XSDB Script----------------
connect -url tcp:127.0.0.1:3121
source D:/MAS/ProjektMAS/ProjektMAS.sdk/design_1_wrapper_hw_platform_0/ps7_init.tcl
targets -set -nocase -filter {name =~"APU*" && jtag_cable_name =~ "Xilinx PYNQ-Z1 003017A4CFC3A"} -index 0
loadhw -hw D:/MAS/ProjektMAS/ProjektMAS.sdk/design_1_wrapper_hw_platform_0/system.hdf -mem-ranges [list {0x40000000 0xbfffffff}]
configparams force-mem-access 1
targets -set -nocase -filter {name =~"APU*" && jtag_cable_name =~ "Xilinx PYNQ-Z1 003017A4CFC3A"} -index 0
stop
ps7_init
ps7_post_config
targets -set -nocase -filter {name =~ "ARM*#0" && jtag_cable_name =~ "Xilinx PYNQ-Z1 003017A4CFC3A"} -index 0
rst -processor
targets -set -nocase -filter {name =~ "ARM*#0" && jtag_cable_name =~ "Xilinx PYNQ-Z1 003017A4CFC3A"} -index 0
dow D:/MAS/ProjektMAS/ProjektMAS.sdk/mas_camera/Debug/mas_camera.elf
configparams force-mem-access 0
----------------End of Script----------------

18:09:47 INFO  : Memory regions updated for context APU
18:09:48 INFO  : Context for processor 'ps7_cortexa9_0' is selected.
18:09:48 INFO  : 'con' command is executed.
18:09:48 INFO  : ----------------XSDB Script (After Launch)----------------
targets -set -nocase -filter {name =~ "ARM*#0" && jtag_cable_name =~ "Xilinx PYNQ-Z1 003017A4CFC3A"} -index 0
con
----------------End of Script----------------

18:09:48 INFO  : Launch script is exported to file 'D:\MAS\ProjektMAS\ProjektMAS.sdk\.sdk\launch_scripts\xilinx_c-c++_application_(system_debugger)\system_debugger_using_debug_mas_camera.elf_on_local.tcl'
18:11:03 INFO  : Disconnected from the channel tcfchan#11.
18:11:47 INFO  : Example project mas_camera_bsp_xiicps_repeated_start_example_1 has been created successfully.
18:26:29 ERROR : Unexpected error while parsing XMD response ?: com.google.gson.JsonSyntaxException: com.google.gson.stream.MalformedJsonException: invalid number or unquoted string near 
