11:07:59 **** Auto Build of configuration Debug for project mas_camera ****
make pre-build main-build 
a9-linaro-pre-build-step
' '
'Building file: ../src/main.c'
'Invoking: ARM v7 gcc compiler'
arm-none-eabi-gcc -Wall -O0 -g3 -c -fmessage-length=0 -MT"src/main.o" -mcpu=cortex-a9 -mfpu=vfpv3 -mfloat-abi=hard -I../../mas_camera_bsp/ps7_cortexa9_0/include -MMD -MP -MF"src/main.d" -MT"src/main.o" -o "src/main.o" "../src/main.c"
../src/main.c: In function 'main':
../src/main.c:426:4: warning: implicit declaration of function 'tcp_fasttmr' [-Wimplicit-function-declaration]
    tcp_fasttmr();
    ^~~~~~~~~~~
../src/main.c:430:4: warning: implicit declaration of function 'tcp_slowtmr' [-Wimplicit-function-declaration]
    tcp_slowtmr();
    ^~~~~~~~~~~
../src/main.c: In function 'InitEthernet':
../src/main.c:554:2: warning: implicit declaration of function 'lwip_init' [-Wimplicit-function-declaration]
  lwip_init();
  ^~~~~~~~~
../src/main.c:575:1: warning: control reaches end of non-void function [-Wreturn-type]
 }
 ^
At top level:
../src/main.c:372:27: warning: 'ov7670_image' defined but not used [-Wunused-variable]
 static struct regval_list ov7670_image[] = {
                           ^~~~~~~~~~~~
../src/main.c:358:27: warning: 'ov7670_test_shift' defined but not used [-Wunused-variable]
 static struct regval_list ov7670_test_shift[] = {
                           ^~~~~~~~~~~~~~~~~
../src/main.c:322:27: warning: 'ov7670_fmt_yuv422' defined but not used [-Wunused-variable]
 static struct regval_list ov7670_fmt_yuv422[] = {
                           ^~~~~~~~~~~~~~~~~
'Finished building: ../src/main.c'
' '
'Building file: ../src/platform_zynq.c'
'Invoking: ARM v7 gcc compiler'
arm-none-eabi-gcc -Wall -O0 -g3 -c -fmessage-length=0 -MT"src/platform_zynq.o" -mcpu=cortex-a9 -mfpu=vfpv3 -mfloat-abi=hard -I../../mas_camera_bsp/ps7_cortexa9_0/include -MMD -MP -MF"src/platform_zynq.d" -MT"src/platform_zynq.o" -o "src/platform_zynq.o" "../src/platform_zynq.c"
'Finished building: ../src/platform_zynq.c'
' '
'Building file: ../src/platform_zynqmp.c'
'Invoking: ARM v7 gcc compiler'
arm-none-eabi-gcc -Wall -O0 -g3 -c -fmessage-length=0 -MT"src/platform_zynqmp.o" -mcpu=cortex-a9 -mfpu=vfpv3 -mfloat-abi=hard -I../../mas_camera_bsp/ps7_cortexa9_0/include -MMD -MP -MF"src/platform_zynqmp.d" -MT"src/platform_zynqmp.o" -o "src/platform_zynqmp.o" "../src/platform_zynqmp.c"
'Finished building: ../src/platform_zynqmp.c'
' '
'Building target: mas_camera.elf'
'Invoking: ARM v7 gcc linker'
arm-none-eabi-gcc -mcpu=cortex-a9 -mfpu=vfpv3 -mfloat-abi=hard -Wl,-build-id=none -specs=Xilinx.spec -Wl,-T -Wl,../src/lscript.ld -L../../mas_camera_bsp/ps7_cortexa9_0/lib -o "mas_camera.elf"  ./src/main.o ./src/platform.o ./src/platform_mb.o ./src/platform_ppc.o ./src/platform_zynq.o ./src/platform_zynqmp.o   -Wl,--start-group,-lxil,-lgcc,-lc,--end-group
./src/main.o: In function `main':
C:\Users\Karlo\Desktop\MAS\mas-projekt\ProjektMAS.sdk\mas_camera\Debug/../src/main.c:426: undefined reference to `tcp_fasttmr'
C:\Users\Karlo\Desktop\MAS\mas-projekt\ProjektMAS.sdk\mas_camera\Debug/../src/main.c:430: undefined reference to `tcp_slowtmr'
C:\Users\Karlo\Desktop\MAS\mas-projekt\ProjektMAS.sdk\mas_camera\Debug/../src/main.c:433: undefined reference to `xemacif_input'
./src/main.o: In function `InitEthernet':
C:\Users\Karlo\Desktop\MAS\mas-projekt\ProjektMAS.sdk\mas_camera\Debug/../src/main.c:554: undefined reference to `lwip_init'
C:\Users\Karlo\Desktop\MAS\mas-projekt\ProjektMAS.sdk\mas_camera\Debug/../src/main.c:557: undefined reference to `xemac_add'
C:\Users\Karlo\Desktop\MAS\mas-projekt\ProjektMAS.sdk\mas_camera\Debug/../src/main.c:562: undefined reference to `netif_set_default'
C:\Users\Karlo\Desktop\MAS\mas-projekt\ProjektMAS.sdk\mas_camera\Debug/../src/main.c:568: undefined reference to `netif_set_up'
./src/main.o: In function `recv_callback':
C:\Users\Karlo\Desktop\MAS\mas-projekt\ProjektMAS.sdk\mas_camera\Debug/../src/main.c:593: undefined reference to `tcp_close'
C:\Users\Karlo\Desktop\MAS\mas-projekt\ProjektMAS.sdk\mas_camera\Debug/../src/main.c:594: undefined reference to `tcp_recv'
C:\Users\Karlo\Desktop\MAS\mas-projekt\ProjektMAS.sdk\mas_camera\Debug/../src/main.c:599: undefined reference to `tcp_recved'
C:\Users\Karlo\Desktop\MAS\mas-projekt\ProjektMAS.sdk\mas_camera\Debug/../src/main.c:612: undefined reference to `tcp_write'
C:\Users\Karlo\Desktop\MAS\mas-projekt\ProjektMAS.sdk\mas_camera\Debug/../src/main.c:627: undefined reference to `pbuf_free'
./src/main.o: In function `accept_callback':
C:\Users\Karlo\Desktop\MAS\mas-projekt\ProjektMAS.sdk\mas_camera\Debug/../src/main.c:637: undefined reference to `tcp_recv'
C:\Users\Karlo\Desktop\MAS\mas-projekt\ProjektMAS.sdk\mas_camera\Debug/../src/main.c:641: undefined reference to `tcp_arg'
./src/main.o: In function `start_application':
C:\Users\Karlo\Desktop\MAS\mas-projekt\ProjektMAS.sdk\mas_camera\Debug/../src/main.c:657: undefined reference to `tcp_new'
C:\Users\Karlo\Desktop\MAS\mas-projekt\ProjektMAS.sdk\mas_camera\Debug/../src/main.c:664: undefined reference to `ip_addr_any'
C:\Users\Karlo\Desktop\MAS\mas-projekt\ProjektMAS.sdk\mas_camera\Debug/../src/main.c:664: undefined reference to `ip_addr_any'
C:\Users\Karlo\Desktop\MAS\mas-projekt\ProjektMAS.sdk\mas_camera\Debug/../src/main.c:664: undefined reference to `tcp_bind'
C:\Users\Karlo\Desktop\MAS\mas-projekt\ProjektMAS.sdk\mas_camera\Debug/../src/main.c:671: undefined reference to `tcp_arg'
C:\Users\Karlo\Desktop\MAS\mas-projekt\ProjektMAS.sdk\mas_camera\Debug/../src/main.c:674: undefined reference to `tcp_listen_with_backlog'
C:\Users\Karlo\Desktop\MAS\mas-projekt\ProjektMAS.sdk\mas_camera\Debug/../src/main.c:681: undefined reference to `tcp_accept'
./src/platform_zynq.o: In function `timer_callback':
C:\Users\Karlo\Desktop\MAS\mas-projekt\ProjektMAS.sdk\mas_camera\Debug/../src/platform_zynq.c:133: undefined reference to `xemacpsif_resetrx_on_no_rxdata'
collect2.exe: error: ld returned 1 exit status
make: *** [mas_camera.elf] Greška 1

11:08:01 Build Finished (took 1s.980ms)

